<?xml version="1.0" encoding="UTF-8"?>
<robot generator="Robot 6.1.1 (Python 3.11.4 on win32)" generated="20230914 06:59:10.315" rpa="false" schemaversion="4">
<suite id="s1" name="Promo" source="C:\Users\konco\Downloads\Nisa\JoumpaGHERKIN\Test\promo.robot">
<test id="s1-t1" name="Login with valid credentials" line="15">
<kw name="Given user open browser" library="login">
<arg>${url}</arg>
<arg>${browser}</arg>
<arg>${delay}</arg>
<kw name="Begin Browser" library="login">
<arg>${url}</arg>
<arg>${browser}</arg>
<kw name="Open Browser" library="Selenium2Library">
<arg>${url}</arg>
<arg>${browser}</arg>
<doc>Opens a new browser instance to the optional ``url``.</doc>
<msg timestamp="20230914 06:59:11.117" level="INFO">Opening browser 'Chrome' to base url 'https://dev.admin.joumpa.apps360.id/'.</msg>
<status status="PASS" starttime="20230914 06:59:11.116" endtime="20230914 06:59:17.428"/>
</kw>
<status status="PASS" starttime="20230914 06:59:11.116" endtime="20230914 06:59:17.429"/>
</kw>
<kw name="Begin Web Test" library="login">
<arg>${delay}</arg>
<kw name="Maximize Browser Window" library="Selenium2Library">
<doc>Maximizes current browser window.</doc>
<status status="PASS" starttime="20230914 06:59:17.429" endtime="20230914 06:59:17.546"/>
</kw>
<kw name="Set Selenium Speed" library="Selenium2Library">
<arg>${delay}</arg>
<doc>Sets the delay that is waited after each Selenium command.</doc>
<status status="PASS" starttime="20230914 06:59:17.547" endtime="20230914 06:59:17.547"/>
</kw>
<kw name="Title Should Be" library="Selenium2Library">
<arg>JOUMPA</arg>
<doc>Verifies that the current page title equals ``title``.</doc>
<msg timestamp="20230914 06:59:18.055" level="INFO">Page title is 'JOUMPA'.</msg>
<status status="PASS" starttime="20230914 06:59:17.547" endtime="20230914 06:59:18.055"/>
</kw>
<status status="PASS" starttime="20230914 06:59:17.429" endtime="20230914 06:59:18.055"/>
</kw>
<status status="PASS" starttime="20230914 06:59:11.115" endtime="20230914 06:59:18.055"/>
</kw>
<kw name="When user fill the fields" library="login">
<arg>${email}</arg>
<arg>${password}</arg>
<kw name="Input Email" library="login">
<arg>${email}</arg>
<kw name="Input Text" library="Selenium2Library">
<arg>name:email</arg>
<arg>${email}</arg>
<doc>Types the given ``text`` into the text field identified by ``locator``.</doc>
<msg timestamp="20230914 06:59:18.057" level="INFO">Typing text 'adminpusat@joumpa.id' into text field 'name:email'.</msg>
<status status="PASS" starttime="20230914 06:59:18.057" endtime="20230914 06:59:19.875"/>
</kw>
<status status="PASS" starttime="20230914 06:59:18.056" endtime="20230914 06:59:19.875"/>
</kw>
<kw name="Fill Password" library="login">
<arg>${password}</arg>
<kw name="Input Text" library="Selenium2Library">
<arg>name:pwd</arg>
<arg>${password}</arg>
<doc>Types the given ``text`` into the text field identified by ``locator``.</doc>
<msg timestamp="20230914 06:59:19.877" level="INFO">Typing text 'Gapura2022' into text field 'name:pwd'.</msg>
<status status="PASS" starttime="20230914 06:59:19.876" endtime="20230914 06:59:21.579"/>
</kw>
<status status="PASS" starttime="20230914 06:59:19.876" endtime="20230914 06:59:21.579"/>
</kw>
<status status="PASS" starttime="20230914 06:59:18.056" endtime="20230914 06:59:21.579"/>
</kw>
<kw name="And user click login button" library="login">
<kw name="Click Login Button" library="login">
<kw name="Click Button" library="Selenium2Library">
<arg>//*[@id="root"]/div[2]/div/div[1]/div/form/div[4]/button</arg>
<doc>Clicks the button identified by ``locator``.</doc>
<msg timestamp="20230914 06:59:21.582" level="INFO">Clicking button '//*[@id="root"]/div[2]/div/div[1]/div/form/div[4]/button'.</msg>
<status status="PASS" starttime="20230914 06:59:21.581" endtime="20230914 06:59:24.199"/>
</kw>
<status status="PASS" starttime="20230914 06:59:21.580" endtime="20230914 06:59:24.199"/>
</kw>
<status status="PASS" starttime="20230914 06:59:21.580" endtime="20230914 06:59:24.199"/>
</kw>
<kw name="Then user verify login success" library="login">
<arg>${role}</arg>
<kw name="Verify Login Success" library="login">
<arg>${role}</arg>
<kw name="Wait Until Element Is Visible" library="Selenium2Library">
<arg>//div[contains(@class, 'Toastify__toast-body')]</arg>
<doc>Waits until the element ``locator`` is visible.</doc>
<status status="PASS" starttime="20230914 06:59:24.202" endtime="20230914 06:59:27.109"/>
</kw>
<kw name="Element Text Should Be" library="Selenium2Library">
<arg>//div[contains(@class, 'Toastify__toast-body')]</arg>
<arg>Well done! you have logged in as ${role}</arg>
<doc>Verifies that element ``locator`` contains exact the text ``expected``.</doc>
<msg timestamp="20230914 06:59:27.109" level="WARN">Keyword 'Element Text Should Be' found both from a custom library 'Selenium2Library' and a standard library 'XML'. The custom keyword is used. To select explicitly, and to get rid of this warning, use either 'Selenium2Library.Element Text Should Be' or 'XML.Element Text Should Be'.</msg>
<msg timestamp="20230914 06:59:27.112" level="INFO">Verifying element '//div[contains(@class, 'Toastify__toast-body')]' contains exact text 'Well done! you have logged in as Admin Pusat'.</msg>
<status status="PASS" starttime="20230914 06:59:27.109" endtime="20230914 06:59:28.153"/>
</kw>
<status status="PASS" starttime="20230914 06:59:24.202" endtime="20230914 06:59:28.153"/>
</kw>
<status status="PASS" starttime="20230914 06:59:24.200" endtime="20230914 06:59:28.153"/>
</kw>
<tag>positive_login</tag>
<status status="PASS" starttime="20230914 06:59:11.114" endtime="20230914 06:59:28.154"/>
</test>
<test id="s1-t2" name="Add new promo" line="29">
<kw name="Given user enter page promo" library="add">
<kw name="Click Promo Button" library="add">
<kw name="Click Element" library="Selenium2Library">
<arg>xpath://*[@id="root"]/div[2]/div[1]/div/div[4]/a[8]/div/div</arg>
<doc>Click the element identified by ``locator``.</doc>
<msg timestamp="20230914 06:59:28.157" level="INFO">Clicking element 'xpath://*[@id="root"]/div[2]/div[1]/div/div[4]/a[8]/div/div'.</msg>
<status status="PASS" starttime="20230914 06:59:28.157" endtime="20230914 06:59:29.294"/>
</kw>
<kw name="Click Element" library="Selenium2Library">
<arg>xpath:/html/body/div[1]/div[2]/div[3]/div[1]/div[2]</arg>
<doc>Click the element identified by ``locator``.</doc>
<msg timestamp="20230914 06:59:29.295" level="INFO">Clicking element 'xpath:/html/body/div[1]/div[2]/div[3]/div[1]/div[2]'.</msg>
<status status="PASS" starttime="20230914 06:59:29.295" endtime="20230914 06:59:34.830"/>
</kw>
<kw name="Element Text Should Be" library="Selenium2Library">
<arg>xpath:/html/body/div[1]/div[2]/div[3]/div[1]/div[1]/div</arg>
<arg>Promo Management</arg>
<doc>Verifies that element ``locator`` contains exact the text ``expected``.</doc>
<msg timestamp="20230914 06:59:34.830" level="WARN">Keyword 'Element Text Should Be' found both from a custom library 'Selenium2Library' and a standard library 'XML'. The custom keyword is used. To select explicitly, and to get rid of this warning, use either 'Selenium2Library.Element Text Should Be' or 'XML.Element Text Should Be'.</msg>
<msg timestamp="20230914 06:59:34.832" level="INFO">Verifying element 'xpath:/html/body/div[1]/div[2]/div[3]/div[1]/div[1]/div' contains exact text 'Promo Management'.</msg>
<status status="PASS" starttime="20230914 06:59:34.830" endtime="20230914 06:59:35.866"/>
</kw>
<status status="PASS" starttime="20230914 06:59:28.156" endtime="20230914 06:59:35.866"/>
</kw>
<status status="PASS" starttime="20230914 06:59:28.156" endtime="20230914 06:59:35.866"/>
</kw>
<kw name="When user click promo button" library="add">
<kw name="Click Add Promo Button" library="add">
<kw name="Wait Until Element Is Visible" library="Selenium2Library">
<arg>xpath://*[@id="root"]/div[2]/div[3]/div[1]/div[2]/div/button[2]</arg>
<doc>Waits until the element ``locator`` is visible.</doc>
<status status="PASS" starttime="20230914 06:59:35.867" endtime="20230914 06:59:36.902"/>
</kw>
<kw name="Click Button" library="Selenium2Library">
<arg>xpath://*[@id="root"]/div[2]/div[3]/div[1]/div[2]/div/button[2]</arg>
<doc>Clicks the button identified by ``locator``.</doc>
<msg timestamp="20230914 06:59:36.904" level="INFO">Clicking button 'xpath://*[@id="root"]/div[2]/div[3]/div[1]/div[2]/div/button[2]'.</msg>
<status status="PASS" starttime="20230914 06:59:36.902" endtime="20230914 06:59:41.336"/>
</kw>
<status status="PASS" starttime="20230914 06:59:35.866" endtime="20230914 06:59:41.336"/>
</kw>
<status status="PASS" starttime="20230914 06:59:35.866" endtime="20230914 06:59:41.336"/>
</kw>
<kw name="And user input new promo" library="add">
<arg>${promo_name}</arg>
<arg>${promo_code}</arg>
<arg>${promo_value}</arg>
<arg>${start_date}</arg>
<arg>${end_date}</arg>
<arg>${description}</arg>
<arg>${file}</arg>
<kw name="Input Promo Name" library="add">
<arg>${promo_name}</arg>
<kw name="Input Text" library="Selenium2Library">
<arg>name:name</arg>
<arg>${promo_name}</arg>
<doc>Types the given ``text`` into the text field identified by ``locator``.</doc>
<msg timestamp="20230914 06:59:41.339" level="INFO">Typing text 'Automate Promo' into text field 'name:name'.</msg>
<status status="PASS" starttime="20230914 06:59:41.338" endtime="20230914 06:59:43.227"/>
</kw>
<status status="PASS" starttime="20230914 06:59:41.338" endtime="20230914 06:59:43.227"/>
</kw>
<kw name="Click Promo Type" library="add">
<kw name="Click Element" library="Selenium2Library">
<arg>xpath:/html/body/div[2]/div/div[1]/div/div/form/div[1]/div/div[2]/div[1]/div/div[1]/div[2]</arg>
<doc>Click the element identified by ``locator``.</doc>
<msg timestamp="20230914 06:59:43.228" level="INFO">Clicking element 'xpath:/html/body/div[2]/div/div[1]/div/div/form/div[1]/div/div[2]/div[1]/div/div[1]/div[2]'.</msg>
<status status="PASS" starttime="20230914 06:59:43.227" endtime="20230914 06:59:44.393"/>
</kw>
<kw name="Click Element" library="Selenium2Library">
<arg>xpath:/html/body/div[2]/div/div[1]/div/div/form/div[1]/div/div[2]/div[1]/div[2]/div/div[2]</arg>
<doc>Click the element identified by ``locator``.</doc>
<msg timestamp="20230914 06:59:44.394" level="INFO">Clicking element 'xpath:/html/body/div[2]/div/div[1]/div/div/form/div[1]/div/div[2]/div[1]/div[2]/div/div[2]'.</msg>
<status status="PASS" starttime="20230914 06:59:44.393" endtime="20230914 06:59:45.492"/>
</kw>
<status status="PASS" starttime="20230914 06:59:43.227" endtime="20230914 06:59:45.492"/>
</kw>
<kw name="Input Promo Code" library="add">
<arg>${promo_code}</arg>
<kw name="Input Text" library="Selenium2Library">
<arg>name:code</arg>
<arg>${promo_code}</arg>
<doc>Types the given ``text`` into the text field identified by ``locator``.</doc>
<msg timestamp="20230914 06:59:45.493" level="INFO">Typing text 'Test' into text field 'name:code'.</msg>
<status status="PASS" starttime="20230914 06:59:45.493" endtime="20230914 06:59:47.222"/>
</kw>
<status status="PASS" starttime="20230914 06:59:45.492" endtime="20230914 06:59:47.222"/>
</kw>
<kw name="Click Promo Value" library="add">
<kw name="Click Element" library="Selenium2Library">
<arg>xpath:/html/body/div[2]/div/div[1]/div/div/form/div[1]/div/div[4]/div[2]/div/div[1]/div/div[1]/div[2]</arg>
<doc>Click the element identified by ``locator``.</doc>
<msg timestamp="20230914 06:59:47.224" level="INFO">Clicking element 'xpath:/html/body/div[2]/div/div[1]/div/div/form/div[1]/div/div[4]/div[2]/div/div[1]/div/div[1]/div[2]'.</msg>
<status status="PASS" starttime="20230914 06:59:47.223" endtime="20230914 06:59:48.342"/>
</kw>
<kw name="Click Element" library="Selenium2Library">
<arg>xpath:/html/body/div[2]/div/div[1]/div/div/form/div[1]/div/div[4]/div[2]/div/div[1]/div[2]/div/div[1]</arg>
<doc>Click the element identified by ``locator``.</doc>
<msg timestamp="20230914 06:59:48.343" level="INFO">Clicking element 'xpath:/html/body/div[2]/div/div[1]/div/div/form/div[1]/div/div[4]/div[2]/div/div[1]/div[2]/div/div[1]'.</msg>
<status status="PASS" starttime="20230914 06:59:48.342" endtime="20230914 06:59:49.437"/>
</kw>
<status status="PASS" starttime="20230914 06:59:47.223" endtime="20230914 06:59:49.437"/>
</kw>
<kw name="Input Promo Value" library="add">
<arg>${promo_value}</arg>
<kw name="Input Text" library="Selenium2Library">
<arg>name:discount_percent</arg>
<arg>${promo_value}</arg>
<doc>Types the given ``text`` into the text field identified by ``locator``.</doc>
<msg timestamp="20230914 06:59:49.438" level="INFO">Typing text '5' into text field 'name:discount_percent'.</msg>
<status status="PASS" starttime="20230914 06:59:49.438" endtime="20230914 06:59:51.081"/>
</kw>
<status status="PASS" starttime="20230914 06:59:49.437" endtime="20230914 06:59:51.081"/>
</kw>
<kw name="Input Date" library="add">
<arg>${start_date}</arg>
<arg>${end_date}</arg>
<kw name="Input Text" library="Selenium2Library">
<arg>name:period_start</arg>
<arg>${start_date}</arg>
<doc>Types the given ``text`` into the text field identified by ``locator``.</doc>
<msg timestamp="20230914 06:59:51.082" level="INFO">Typing text '20092023' into text field 'name:period_start'.</msg>
<status status="PASS" starttime="20230914 06:59:51.082" endtime="20230914 06:59:52.781"/>
</kw>
<kw name="Input Text" library="Selenium2Library">
<arg>name:period_end</arg>
<arg>${end_date}</arg>
<doc>Types the given ``text`` into the text field identified by ``locator``.</doc>
<msg timestamp="20230914 06:59:52.782" level="INFO">Typing text '29092023' into text field 'name:period_end'.</msg>
<status status="PASS" starttime="20230914 06:59:52.781" endtime="20230914 06:59:54.491"/>
</kw>
<status status="PASS" starttime="20230914 06:59:51.081" endtime="20230914 06:59:54.491"/>
</kw>
<kw name="Click Airport" library="add">
<kw name="Click Element" library="Selenium2Library">
<arg>xpath:/html/body/div[2]/div/div[1]/div/div/form/div[1]/div/div[6]/div/div[1]</arg>
<doc>Click the element identified by ``locator``.</doc>
<msg timestamp="20230914 06:59:54.492" level="INFO">Clicking element 'xpath:/html/body/div[2]/div/div[1]/div/div/form/div[1]/div/div[6]/div/div[1]'.</msg>
<status status="PASS" starttime="20230914 06:59:54.492" endtime="20230914 06:59:55.750"/>
</kw>
<kw name="Click Element" library="Selenium2Library">
<arg>xpath:/html/body/div[2]/div/div[1]/div/div/form/div[1]/div/div[6]/div[1]/div[2]/div/div[5]</arg>
<doc>Click the element identified by ``locator``.</doc>
<msg timestamp="20230914 06:59:55.751" level="INFO">Clicking element 'xpath:/html/body/div[2]/div/div[1]/div/div/form/div[1]/div/div[6]/div[1]/div[2]/div/div[5]'.</msg>
<status status="PASS" starttime="20230914 06:59:55.750" endtime="20230914 06:59:56.955"/>
</kw>
<status status="PASS" starttime="20230914 06:59:54.491" endtime="20230914 06:59:56.955"/>
</kw>
<kw name="Click Product" library="add">
<kw name="Click Element" library="Selenium2Library">
<arg>xpath:/html/body/div[2]/div/div[1]/div/div/form/div[1]/div/div[7]/div/div[1]</arg>
<doc>Click the element identified by ``locator``.</doc>
<msg timestamp="20230914 06:59:56.957" level="INFO">Clicking element 'xpath:/html/body/div[2]/div/div[1]/div/div/form/div[1]/div/div[7]/div/div[1]'.</msg>
<status status="PASS" starttime="20230914 06:59:56.956" endtime="20230914 06:59:58.116"/>
</kw>
<kw name="Click Element" library="Selenium2Library">
<arg>xpath:/html/body/div[2]/div/div[1]/div/div/form/div[1]/div/div[7]/div/div[2]/div/div[1]</arg>
<doc>Click the element identified by ``locator``.</doc>
<msg timestamp="20230914 06:59:58.116" level="INFO">Clicking element 'xpath:/html/body/div[2]/div/div[1]/div/div/form/div[1]/div/div[7]/div/div[2]/div/div[1]'.</msg>
<status status="PASS" starttime="20230914 06:59:58.116" endtime="20230914 06:59:59.219"/>
</kw>
<status status="PASS" starttime="20230914 06:59:56.955" endtime="20230914 06:59:59.219"/>
</kw>
<kw name="Input Description" library="add">
<arg>${description}</arg>
<kw name="Input Text" library="Selenium2Library">
<arg>xpath:/html/body/div[2]/div/div[1]/div/div/form/div[1]/div/div[8]/textarea</arg>
<arg>${description}</arg>
<doc>Types the given ``text`` into the text field identified by ``locator``.</doc>
<msg timestamp="20230914 06:59:59.222" level="INFO">Typing text 'Ini Promo Test Automate part sekian' into text field 'xpath:/html/body/div[2]/div/div[1]/div/div/form/div[1]/div/div[8]/textarea'.</msg>
<status status="PASS" starttime="20230914 06:59:59.220" endtime="20230914 07:00:01.347"/>
</kw>
<status status="PASS" starttime="20230914 06:59:59.219" endtime="20230914 07:00:01.347"/>
</kw>
<kw name="Upload Banner" library="add">
<arg>${file}</arg>
<kw name="Choose File" library="Selenium2Library">
<arg>xpath:/html/body/div[2]/div/div[1]/div/div/form/div[1]/div/input</arg>
<arg>${file}</arg>
<doc>Inputs the ``file_path`` into the file input field ``locator``.</doc>
<msg timestamp="20230914 07:00:01.348" level="INFO">Sending C:\Users\konco\Downloads\Nisa\JoumpaGHERKIN\Variable\PROMO.jpg to browser.</msg>
<status status="PASS" starttime="20230914 07:00:01.347" endtime="20230914 07:00:02.428"/>
</kw>
<status status="PASS" starttime="20230914 07:00:01.347" endtime="20230914 07:00:02.428"/>
</kw>
<kw name="Click Save Button" library="add">
<kw name="Click Button" library="Selenium2Library">
<arg>xpath:/html/body/div[2]/div/div[1]/div/div/form/div[2]/div/div/div/button[2]</arg>
<doc>Clicks the button identified by ``locator``.</doc>
<msg timestamp="20230914 07:00:02.429" level="INFO">Clicking button 'xpath:/html/body/div[2]/div/div[1]/div/div/form/div[2]/div/div/div/button[2]'.</msg>
<status status="PASS" starttime="20230914 07:00:02.429" endtime="20230914 07:00:05.103"/>
</kw>
<status status="PASS" starttime="20230914 07:00:02.428" endtime="20230914 07:00:05.103"/>
</kw>
<status status="PASS" starttime="20230914 06:59:41.336" endtime="20230914 07:00:05.103"/>
</kw>
<kw name="Then user verify add promo" library="add">
<kw name="Verify Add Promo Success" library="add">
<kw name="Wait Until Element Is Visible" library="Selenium2Library">
<arg>xpath://div[contains(@class, 'Toastify__toast-body')]</arg>
<doc>Waits until the element ``locator`` is visible.</doc>
<status status="PASS" starttime="20230914 07:00:05.105" endtime="20230914 07:00:16.061"/>
</kw>
<kw name="Element Text Should Be" library="Selenium2Library">
<arg>xpath://div[contains(@class, 'Toastify__toast-body')]</arg>
<arg>Add Promo Successful</arg>
<doc>Verifies that element ``locator`` contains exact the text ``expected``.</doc>
<msg timestamp="20230914 07:00:16.061" level="WARN">Keyword 'Element Text Should Be' found both from a custom library 'Selenium2Library' and a standard library 'XML'. The custom keyword is used. To select explicitly, and to get rid of this warning, use either 'Selenium2Library.Element Text Should Be' or 'XML.Element Text Should Be'.</msg>
<msg timestamp="20230914 07:00:16.063" level="INFO">Verifying element 'xpath://div[contains(@class, 'Toastify__toast-body')]' contains exact text 'Add Promo Successful'.</msg>
<status status="PASS" starttime="20230914 07:00:16.061" endtime="20230914 07:00:17.114"/>
</kw>
<status status="PASS" starttime="20230914 07:00:05.105" endtime="20230914 07:00:17.114"/>
</kw>
<status status="PASS" starttime="20230914 07:00:05.104" endtime="20230914 07:00:17.114"/>
</kw>
<tag>add_promo</tag>
<status status="PASS" starttime="20230914 06:59:28.155" endtime="20230914 07:00:17.116"/>
</test>
<status status="PASS" starttime="20230914 06:59:10.318" endtime="20230914 07:00:17.118"/>
</suite>
<statistics>
<total>
<stat pass="2" fail="0" skip="0">All Tests</stat>
</total>
<tag>
<stat pass="1" fail="0" skip="0">add_promo</stat>
<stat pass="1" fail="0" skip="0">positive_login</stat>
</tag>
<suite>
<stat pass="2" fail="0" skip="0" id="s1" name="Promo">Promo</stat>
</suite>
</statistics>
<errors>
<msg timestamp="20230914 06:59:27.109" level="WARN">Keyword 'Element Text Should Be' found both from a custom library 'Selenium2Library' and a standard library 'XML'. The custom keyword is used. To select explicitly, and to get rid of this warning, use either 'Selenium2Library.Element Text Should Be' or 'XML.Element Text Should Be'.</msg>
<msg timestamp="20230914 06:59:34.830" level="WARN">Keyword 'Element Text Should Be' found both from a custom library 'Selenium2Library' and a standard library 'XML'. The custom keyword is used. To select explicitly, and to get rid of this warning, use either 'Selenium2Library.Element Text Should Be' or 'XML.Element Text Should Be'.</msg>
<msg timestamp="20230914 07:00:16.061" level="WARN">Keyword 'Element Text Should Be' found both from a custom library 'Selenium2Library' and a standard library 'XML'. The custom keyword is used. To select explicitly, and to get rid of this warning, use either 'Selenium2Library.Element Text Should Be' or 'XML.Element Text Should Be'.</msg>
</errors>
</robot>
