<?xml version="1.0" encoding="UTF-8"?>
<robot generator="Robot 6.1.1 (Python 3.11.4 on win32)" generated="20230912 14:08:50.762" rpa="false" schemaversion="4">
<suite id="s1" name="manageBooking" source="C:\Users\konco\Downloads\Nisa\JoumpaPublik\Test\manageBooking.robot">
<test id="s1-t1" name="Visit page" line="10">
<kw name="Given user open browser" library="initialize">
<arg>${url2}</arg>
<arg>${browser}</arg>
<arg>${delay}</arg>
<kw name="Begin Browser" library="initialize">
<arg>${url}</arg>
<arg>${browser}</arg>
<kw name="Open Browser" library="Selenium2Library">
<arg>${url}</arg>
<arg>${browser}</arg>
<doc>Opens a new browser instance to the optional ``url``.</doc>
<msg timestamp="20230912 14:08:51.242" level="INFO">Opening browser 'Chrome' to base url 'https://dev.joumpa.apps360.id/manage-booking'.</msg>
<status status="PASS" starttime="20230912 14:08:51.242" endtime="20230912 14:08:54.791"/>
</kw>
<status status="PASS" starttime="20230912 14:08:51.242" endtime="20230912 14:08:54.791"/>
</kw>
<kw name="Begin Web Test" library="initialize">
<arg>${delay}</arg>
<kw name="Maximize Browser Window" library="Selenium2Library">
<doc>Maximizes current browser window.</doc>
<status status="PASS" starttime="20230912 14:08:54.791" endtime="20230912 14:08:54.920"/>
</kw>
<kw name="Set Selenium Speed" library="Selenium2Library">
<arg>${delay}</arg>
<doc>Sets the delay that is waited after each Selenium command.</doc>
<status status="PASS" starttime="20230912 14:08:54.920" endtime="20230912 14:08:54.920"/>
</kw>
<kw name="Title Should Be" library="Selenium2Library">
<arg>JOUMPA Airport VIP Service</arg>
<doc>Verifies that the current page title equals ``title``.</doc>
<msg timestamp="20230912 14:08:55.427" level="INFO">Page title is 'JOUMPA Airport VIP Service'.</msg>
<status status="PASS" starttime="20230912 14:08:54.920" endtime="20230912 14:08:55.427"/>
</kw>
<status status="PASS" starttime="20230912 14:08:54.791" endtime="20230912 14:08:55.427"/>
</kw>
<status status="PASS" starttime="20230912 14:08:51.242" endtime="20230912 14:08:55.427"/>
</kw>
<tag>visit</tag>
<status status="PASS" starttime="20230912 14:08:51.241" endtime="20230912 14:08:55.428"/>
</test>
<test id="s1-t2" name="Manage Booking With Valid Data" line="14">
<kw name="Given user fill find booking form" library="manageBooking">
<arg>${bookingId}</arg>
<arg>${email}</arg>
<kw name="Input Manage Booking Data" library="manageBooking">
<arg>${bookingId}</arg>
<arg>${email}</arg>
<kw name="Input Text" library="Selenium2Library">
<arg>name:bookingId</arg>
<arg>${bookingId}</arg>
<doc>Types the given ``text`` into the text field identified by ``locator``.</doc>
<msg timestamp="20230912 14:08:55.433" level="INFO">Typing text '01R4889' into text field 'name:bookingId'.</msg>
<status status="PASS" starttime="20230912 14:08:55.430" endtime="20230912 14:08:57.137"/>
</kw>
<kw name="Input Text" library="Selenium2Library">
<arg>name:email</arg>
<arg>${email}</arg>
<doc>Types the given ``text`` into the text field identified by ``locator``.</doc>
<msg timestamp="20230912 14:08:57.138" level="INFO">Typing text 'nisa@gmail.com' into text field 'name:email'.</msg>
<status status="PASS" starttime="20230912 14:08:57.138" endtime="20230912 14:08:58.829"/>
</kw>
<status status="PASS" starttime="20230912 14:08:55.430" endtime="20230912 14:08:58.829"/>
</kw>
<kw name="Click Find Booking Button" library="manageBooking">
<arg>${bookingId}</arg>
<kw name="Click Button" library="Selenium2Library">
<arg>xpath:/html/body/div[1]/div[3]/div/section/div[2]/div/div/div/div/div[3]/button</arg>
<doc>Clicks the button identified by ``locator``.</doc>
<msg timestamp="20230912 14:08:58.830" level="INFO">Clicking button 'xpath:/html/body/div[1]/div[3]/div/section/div[2]/div/div/div/div/div[3]/button'.</msg>
<status status="PASS" starttime="20230912 14:08:58.829" endtime="20230912 14:09:01.437"/>
</kw>
<kw name="Click Button" library="Selenium2Library">
<arg>xpath:/html/body/div[1]/div[3]/div/section/div[2]/div/div[2]/div/div/div[2]/div[7]/button</arg>
<doc>Clicks the button identified by ``locator``.</doc>
<msg timestamp="20230912 14:09:01.439" level="INFO">Clicking button 'xpath:/html/body/div[1]/div[3]/div/section/div[2]/div/div[2]/div/div/div[2]/div[7]/button'.</msg>
<status status="PASS" starttime="20230912 14:09:01.437" endtime="20230912 14:09:04.116"/>
</kw>
<kw name="Element Should Contain" library="Selenium2Library">
<arg>xpath:/html/body/div[1]/div[3]/div/section/div[2]/div/div[2]/div/div/div[2]/div[1]/div[2]</arg>
<arg>${bookingId}</arg>
<doc>Verifies that element ``locator`` contains text ``expected``.</doc>
<msg timestamp="20230912 14:09:05.155" level="INFO">Element 'xpath:/html/body/div[1]/div[3]/div/section/div[2]/div/div[2]/div/div/div[2]/div[1]/div[2]' contains text '01R4889'.</msg>
<status status="PASS" starttime="20230912 14:09:04.116" endtime="20230912 14:09:05.155"/>
</kw>
<status status="PASS" starttime="20230912 14:08:58.829" endtime="20230912 14:09:05.155"/>
</kw>
<status status="PASS" starttime="20230912 14:08:55.430" endtime="20230912 14:09:05.155"/>
</kw>
<kw name="When user edit passenger name" library="manageBooking">
<arg>${editName}</arg>
<kw name="Click Edit Passenger Name" library="manageBooking">
<arg>${editName}</arg>
<kw name="Click Element" library="Selenium2Library">
<arg>xpath:/html/body/div[1]/div[3]/div/section/div[2]/div/div[2]/div/div/div[2]/div[3]/div[2]/p/div</arg>
<doc>Click the element identified by ``locator``.</doc>
<msg timestamp="20230912 14:09:05.158" level="INFO">Clicking element 'xpath:/html/body/div[1]/div[3]/div/section/div[2]/div/div[2]/div/div/div[2]/div[3]/div[2]/p/div'.</msg>
<status status="PASS" starttime="20230912 14:09:05.157" endtime="20230912 14:09:06.241"/>
</kw>
<kw name="Input Text" library="Selenium2Library">
<arg>name:passengerName</arg>
<arg>${editName}</arg>
<doc>Types the given ``text`` into the text field identified by ``locator``.</doc>
<msg timestamp="20230912 14:09:06.241" level="INFO">Typing text 'Nisa Automate Manage Booking' into text field 'name:passengerName'.</msg>
<status status="PASS" starttime="20230912 14:09:06.241" endtime="20230912 14:09:08.123"/>
</kw>
<kw name="Click Button" library="Selenium2Library">
<arg>xpath:/html/body/div[1]/div[3]/div/section/div[2]/div/div[2]/div/div/div[2]/div[4]/div/div/button[2]</arg>
<doc>Clicks the button identified by ``locator``.</doc>
<msg timestamp="20230912 14:09:08.124" level="INFO">Clicking button 'xpath:/html/body/div[1]/div[3]/div/section/div[2]/div/div[2]/div/div/div[2]/div[4]/div/div/button[2]'.</msg>
<status status="PASS" starttime="20230912 14:09:08.123" endtime="20230912 14:09:10.747"/>
</kw>
<kw name="Sleep" library="BuiltIn">
<arg>2</arg>
<doc>Pauses the test executed for the given time.</doc>
<msg timestamp="20230912 14:09:12.747" level="INFO">Slept 2 seconds</msg>
<status status="PASS" starttime="20230912 14:09:10.747" endtime="20230912 14:09:12.747"/>
</kw>
<kw name="Click Button" library="Selenium2Library">
<arg>xpath:/html/body/div[2]/div/div[1]/div/div/div[3]/div/div/div/button[2]</arg>
<doc>Clicks the button identified by ``locator``.</doc>
<msg timestamp="20230912 14:09:12.747" level="INFO">Clicking button 'xpath:/html/body/div[2]/div/div[1]/div/div/div[3]/div/div/div/button[2]'.</msg>
<status status="PASS" starttime="20230912 14:09:12.747" endtime="20230912 14:09:15.347"/>
</kw>
<status status="PASS" starttime="20230912 14:09:05.157" endtime="20230912 14:09:15.347"/>
</kw>
<kw name="Verify Edit Passenger Name Success" library="manageBooking">
<kw name="Wait Until Element Is Visible" library="Selenium2Library">
<arg>xpath://div[contains(@class, 'Toastify__toast-body')]</arg>
<doc>Waits until the element ``locator`` is visible.</doc>
<status status="PASS" starttime="20230912 14:09:15.348" endtime="20230912 14:09:16.388"/>
</kw>
<kw name="Element Text Should Be" library="Selenium2Library">
<arg>xpath://div[contains(@class, 'Toastify__toast-body')]</arg>
<arg>Successfully Change Passenger Data</arg>
<doc>Verifies that element ``locator`` contains exact the text ``expected``.</doc>
<msg timestamp="20230912 14:09:16.388" level="WARN">Keyword 'Element Text Should Be' found both from a custom library 'Selenium2Library' and a standard library 'XML'. The custom keyword is used. To select explicitly, and to get rid of this warning, use either 'Selenium2Library.Element Text Should Be' or 'XML.Element Text Should Be'.</msg>
<msg timestamp="20230912 14:09:16.391" level="INFO">Verifying element 'xpath://div[contains(@class, 'Toastify__toast-body')]' contains exact text 'Successfully Change Passenger Data'.</msg>
<status status="PASS" starttime="20230912 14:09:16.389" endtime="20230912 14:09:17.418"/>
</kw>
<status status="PASS" starttime="20230912 14:09:15.348" endtime="20230912 14:09:17.418"/>
</kw>
<status status="PASS" starttime="20230912 14:09:05.155" endtime="20230912 14:09:17.418"/>
</kw>
<tag>manageBooking</tag>
<status status="PASS" starttime="20230912 14:08:55.430" endtime="20230912 14:09:17.419"/>
</test>
<status status="PASS" starttime="20230912 14:08:50.766" endtime="20230912 14:09:17.423"/>
</suite>
<statistics>
<total>
<stat pass="2" fail="0" skip="0">All Tests</stat>
</total>
<tag>
<stat pass="1" fail="0" skip="0">manageBooking</stat>
<stat pass="1" fail="0" skip="0">visit</stat>
</tag>
<suite>
<stat pass="2" fail="0" skip="0" id="s1" name="manageBooking">manageBooking</stat>
</suite>
</statistics>
<errors>
<msg timestamp="20230912 14:09:16.388" level="WARN">Keyword 'Element Text Should Be' found both from a custom library 'Selenium2Library' and a standard library 'XML'. The custom keyword is used. To select explicitly, and to get rid of this warning, use either 'Selenium2Library.Element Text Should Be' or 'XML.Element Text Should Be'.</msg>
</errors>
</robot>
